<?xml version="1.0" encoding="UTF-8"?>
<testsuite name="ohtuesimerkki.StatisticTest" tests="6" skipped="0" failures="0" errors="0" timestamp="2019-10-31T13:51:45" hostname="DESKTOP-BNUM38D" time="0.003">
  <properties/>
  <testcase name="teamPalauttaaKaikkiSamaanJoukkueeseenKuuluvat" classname="ohtuesimerkki.StatisticTest" time="0.002"/>
  <testcase name="searchPalauttaaOikeanPelaajanJosLoytyy" classname="ohtuesimerkki.StatisticTest" time="0.0"/>
  <testcase name="topScorersPalauttaaOikeanMaaranPelaajia" classname="ohtuesimerkki.StatisticTest" time="0.0"/>
  <testcase name="topScorersPalauttaaPelaajatPisteJarjestyksestaSuurimmastaPienimpaan" classname="ohtuesimerkki.StatisticTest" time="0.001"/>
  <testcase name="teamPalauttaaSamaanJoukkueeseenKuuluvat" classname="ohtuesimerkki.StatisticTest" time="0.0"/>
  <testcase name="searchPalauttaaNullJosEiLoydy" classname="ohtuesimerkki.StatisticTest" time="0.0"/>
  <system-out><![CDATA[]]></system-out>
  <system-err><![CDATA[]]></system-err>
</testsuite>
